<?xml version="1.0" encoding="UTF-8"?>
<!-- Generated by org.testng.reporters.JUnitXMLReporter -->
<testsuite hostname="Subham" ignored="0" name="Different TestNG Features" tests="11" failures="0" timestamp="2019-11-16T23:45:00 IST" time="169.579" errors="0">
  <testcase name="add" time="0.016" classname="com.test.InvocationCountExample"/>
  <testcase name="add" time="0.004" classname="com.test.InvocationCountExample"/>
  <testcase name="test1" time="0.008" classname="com.test.InvocationCountExample"/>
  <testcase name="searchKeys" time="10.326" classname="com.test.GoogleTest"/>
  <testcase name="titleTest" time="0.024" classname="com.test.GoogleTest"/>
  <testcase name="logoTest" time="0.159" classname="com.test.LandingPage"/>
  <testcase name="titleTest" time="0.02" classname="com.test.LandingPage"/>
  <testcase name="bowlsNameGourmet" time="0.093" classname="com.test.LandingPage"/>
  <testcase name="bowlsNameFresh" time="0.087" classname="com.test.LandingPage"/>
  <testcase name="bowlsNameGrocer" time="0.094" classname="com.test.LandingPage"/>
  <testcase name="getTitle" time="0.0" classname="com.test.TestNGBasicExample"/>
</testsuite> <!-- Different TestNG Features -->
