<?xml version="1.0" encoding="UTF-8"?>
<!-- Generated by org.testng.reporters.JUnitXMLReporter -->
<testsuite hostname="Subham" ignored="0" name="Default test" tests="3" failures="0" timestamp="2019-11-21T23:19:33 IST" time="112.932" errors="0">
  <testcase name="signUpKipos" time="17.248" classname="com.test.DataDrivenConcept"/>
  <testcase name="signUpKipos" time="17.178" classname="com.test.DataDrivenConcept"/>
  <testcase name="signUpKipos" time="17.103" classname="com.test.DataDrivenConcept"/>
</testsuite> <!-- Default test -->
